[23:22:30] [ServerMain/INFO]: Environment: authHost='https://authserver.mojang.com', accountsHost='https://api.mojang.com', sessionHost='https://sessionserver.mojang.com', servicesHost='https://api.minecraftservices.com', name='PROD'
[23:22:32] [ServerMain/INFO]: Loaded 7 recipes
[23:22:32] [ServerMain/INFO]: Loaded 1271 advancements
[23:22:33] [Server thread/INFO]: Starting minecraft server version 1.20
[23:22:33] [Server thread/INFO]: Loading properties
[23:22:33] [Server thread/INFO]: Default game type: SURVIVAL
[23:22:33] [Server thread/INFO]: Generating keypair
[23:22:34] [Server thread/INFO]: Starting Minecraft server on *:25565
[23:22:34] [Server thread/INFO]: Using epoll channel type
[23:22:34] [Server thread/WARN]: **** SERVER IS RUNNING IN OFFLINE/INSECURE MODE!
[23:22:34] [Server thread/WARN]: The server will make no attempt to authenticate usernames. Beware.
[23:22:34] [Server thread/WARN]: While this makes the game possible to play without internet access, it also opens up the ability for hackers to connect with any username they choose.
[23:22:34] [Server thread/WARN]: To change this, set "online-mode" to "true" in the server.properties file.
[23:22:34] [Server thread/INFO]: Preparing level "world"
[23:22:40] [Server thread/INFO]: Preparing start region for dimension minecraft:overworld
[23:22:46] [Worker-Main-1/INFO]: Preparing spawn area: 0%
[23:22:46] [Worker-Main-1/INFO]: Preparing spawn area: 0%
[23:22:46] [Worker-Main-1/INFO]: Preparing spawn area: 0%
[23:22:46] [Worker-Main-1/INFO]: Preparing spawn area: 0%
[23:22:46] [Worker-Main-1/INFO]: Preparing spawn area: 0%
[23:22:46] [Worker-Main-1/INFO]: Preparing spawn area: 0%
[23:22:46] [Worker-Main-1/INFO]: Preparing spawn area: 0%
[23:22:46] [Worker-Main-1/INFO]: Preparing spawn area: 0%
[23:22:46] [Worker-Main-1/INFO]: Preparing spawn area: 0%
[23:22:46] [Worker-Main-1/INFO]: Preparing spawn area: 0%
[23:22:46] [Worker-Main-1/INFO]: Preparing spawn area: 0%
[23:22:46] [Worker-Main-1/INFO]: Preparing spawn area: 0%
[23:22:46] [Worker-Main-1/INFO]: Preparing spawn area: 0%
[23:22:46] [Worker-Main-1/INFO]: Preparing spawn area: 0%
[23:22:47] [Worker-Main-1/INFO]: Preparing spawn area: 0%
[23:22:47] [Worker-Main-1/INFO]: Preparing spawn area: 0%
[23:22:48] [Worker-Main-1/INFO]: Preparing spawn area: 0%
[23:22:48] [Worker-Main-1/INFO]: Preparing spawn area: 0%
[23:22:49] [Worker-Main-1/INFO]: Preparing spawn area: 0%
[23:22:49] [Server thread/INFO]: Time elapsed: 9422 ms
[23:22:49] [Server thread/INFO]: Done (15.347s)! For help, type "help"
[23:22:50] [Server thread/INFO]: thiagoo[/127.216.42.7:58677] logged in with entity id 60 at (-505.9619077048909, 117.0, 254.93349977659068)
[23:22:50] [Server thread/INFO]: thiagoo joined the game
[23:22:53] [Server thread/WARN]: Can't keep up! Is the server overloaded? Running 3273ms or 65 ticks behind
[23:27:42] [Server thread/INFO]: Kiaraa[/127.216.42.7:56727] logged in with entity id 1159 at (-479.01233485849065, 63.9375, 187.3072638823547)
[23:27:42] [Server thread/INFO]: Kiaraa joined the game
[23:28:52] [Server thread/WARN]: Kiaraa moved too quickly! 0.0,10.465000184059107,0.0
[23:30:42] [Server thread/INFO]: Kiaraa lost connection: Timed out
[23:30:42] [Server thread/INFO]: Kiaraa left the game
[23:31:11] [Server thread/INFO]: Kiaraa[/127.216.42.7:56301] logged in with entity id 1716 at (-513.6638406988101, 122.0, 259.78498674037706)
[23:31:11] [Server thread/INFO]: Kiaraa joined the game
